*** Starting uWSGI 2.0.19.1 (64bit) on [Sat May 15 01:36:16 2021] ***
compiled with version: 7.5.0 on 14 May 2021 13:14:02
os: Linux-4.4.0-1128-aws #142-Ubuntu SMP Fri Apr 16 12:42:33 UTC 2021
nodename: goorm
machine: x86_64
clock source: unix
pcre jit disabled
detected number of CPU cores: 2
current working directory: /workspace/SugarContentCheck
writing pidfile to /workspace/SugarContentCheck/tmp/scc.pid
detected binary path: /workspace/SugarContentCheck/venv/bin/uwsgi
*** WARNING: you are running uWSGI as root !!! (use the --uid flag) *** 
chdir() to /workspace/SugarContentCheck/
your memory page size is 4096 bytes
detected max file descriptor number: 1024
building mime-types dictionary from file /etc/mime.types...554 entry found
lock engine: pthread robust mutexes
thunder lock: disabled (you can enable it with --thunder-lock)
uWSGI http bound on :80 fd 4
uwsgi socket 0 bound to TCP address 127.0.0.1:35945 (port auto-assigned) fd 3
*** WARNING: you are running uWSGI as root !!! (use the --uid flag) *** 
Python version: 3.7.4 (default, Nov  4 2020, 10:17:35)  [GCC 7.4.0]
PEP 405 virtualenv detected: /workspace/SugarContentCheck/venv/
Set PythonHome to /workspace/SugarContentCheck/venv/
Python main interpreter initialized at 0x564e96c7e7e0
*** WARNING: you are running uWSGI as root !!! (use the --uid flag) *** 
python threads support enabled
your server socket listen backlog is limited to 100 connections
your mercy for graceful operations on workers is 60 seconds
mapped 145840 bytes (142 KB) for 1 cores
*** Operational MODE: single process ***
WSGI app 0 (mountpoint='') ready in 1 seconds on interpreter 0x564e96c7e7e0 pid: 1163 (default app)
*** WARNING: you are running uWSGI as root !!! (use the --uid flag) *** 
spawned uWSGI master process (pid: 1163)
spawned uWSGI worker 1 (pid: 1166, cores: 1)
spawned uWSGI http 1 (pid: 1167)
subprocess 1164 exited with code 0
[pid: 1166|app: 0|req: 1/1] 172.17.0.1 () {48 vars in 2455 bytes} [Sat May 15 01:36:42 2021] GET / => generated 2127 bytes in 37 msecs (HTTP/1.1 200) 5 headers in 167 bytes (1 switches on core 0)
[pid: 1166|app: -1|req: -1/2] 172.17.0.1 () {44 vars in 2373 bytes} [Sat May 15 01:36:43 2021] GET /static/css/style1.css => generated 2696 bytes in 1 msecs via sendfile() (HTTP/1.1 200) 3 headers in 111 bytes (0 switches on core 0)
[pid: 1166|app: -1|req: -1/3] 172.17.0.1 () {44 vars in 2371 bytes} [Sat May 15 01:36:43 2021] GET /static/css/reset.css => generated 990 bytes in 1 msecs via sendfile() (HTTP/1.1 200) 3 headers in 110 bytes (0 switches on core 0)
*** Starting uWSGI 2.0.19.1 (64bit) on [Sat May 15 05:45:12 2021] ***
compiled with version: 7.5.0 on 14 May 2021 13:14:02
os: Linux-4.4.0-1128-aws #142-Ubuntu SMP Fri Apr 16 12:42:33 UTC 2021
nodename: goorm
machine: x86_64
clock source: unix
pcre jit disabled
detected number of CPU cores: 2
current working directory: /workspace/SugarContentCheck
writing pidfile to /workspace/SugarContentCheck/tmp/scc.pid
detected binary path: /workspace/SugarContentCheck/venv/bin/uwsgi
chdir() to /workspace/SugarContentCheck/
your memory page size is 4096 bytes
detected max file descriptor number: 1024
building mime-types dictionary from file /etc/mime.types...554 entry found
lock engine: pthread robust mutexes
thunder lock: disabled (you can enable it with --thunder-lock)
bind(): No such file or directory [core/socket.c line 230]
VACUUM: pidfile removed.
*** Starting uWSGI 2.0.19.1 (64bit) on [Sat May 15 05:48:01 2021] ***
compiled with version: 7.5.0 on 14 May 2021 13:14:02
os: Linux-4.4.0-1128-aws #142-Ubuntu SMP Fri Apr 16 12:42:33 UTC 2021
nodename: goorm
machine: x86_64
clock source: unix
pcre jit disabled
detected number of CPU cores: 2
current working directory: /workspace/SugarContentCheck
writing pidfile to /workspace/SugarContentCheck/tmp/scc.pid
detected binary path: /workspace/SugarContentCheck/venv/bin/uwsgi
chdir() to /workspace/SugarContentCheck/
your memory page size is 4096 bytes
detected max file descriptor number: 1024
building mime-types dictionary from file /etc/mime.types...554 entry found
lock engine: pthread robust mutexes
thunder lock: disabled (you can enable it with --thunder-lock)
bind(): No such file or directory [core/socket.c line 230]
VACUUM: pidfile removed.
*** Starting uWSGI 2.0.19.1 (64bit) on [Sat May 15 05:49:04 2021] ***
compiled with version: 7.5.0 on 14 May 2021 13:14:02
os: Linux-4.4.0-1128-aws #142-Ubuntu SMP Fri Apr 16 12:42:33 UTC 2021
nodename: goorm
machine: x86_64
clock source: unix
pcre jit disabled
detected number of CPU cores: 2
current working directory: /workspace/SugarContentCheck
writing pidfile to /workspace/SugarContentCheck/tmp/scc.pid
detected binary path: /workspace/SugarContentCheck/venv/bin/uwsgi
chdir() to /workspace/SugarContentCheck/
your memory page size is 4096 bytes
detected max file descriptor number: 1024
building mime-types dictionary from file /etc/mime.types...554 entry found
lock engine: pthread robust mutexes
thunder lock: disabled (you can enable it with --thunder-lock)
bind(): No such file or directory [core/socket.c line 230]
VACUUM: pidfile removed.
*** Starting uWSGI 2.0.19.1 (64bit) on [Sat May 15 05:54:12 2021] ***
compiled with version: 7.5.0 on 14 May 2021 13:14:02
os: Linux-4.4.0-1128-aws #142-Ubuntu SMP Fri Apr 16 12:42:33 UTC 2021
nodename: goorm
machine: x86_64
clock source: unix
pcre jit disabled
detected number of CPU cores: 2
current working directory: /workspace/SugarContentCheck
writing pidfile to /workspace/SugarContentCheck/tmp/scc.pid
detected binary path: /workspace/SugarContentCheck/venv/bin/uwsgi
chdir() to /workspace/SugarContentCheck/
your memory page size is 4096 bytes
detected max file descriptor number: 1024
building mime-types dictionary from file /etc/mime.types...554 entry found
lock engine: pthread robust mutexes
thunder lock: disabled (you can enable it with --thunder-lock)
bind(): No such file or directory [core/socket.c line 230]
VACUUM: pidfile removed.
*** Starting uWSGI 2.0.19.1 (64bit) on [Sat May 15 06:00:06 2021] ***
compiled with version: 7.5.0 on 14 May 2021 13:14:02
os: Linux-4.4.0-1128-aws #142-Ubuntu SMP Fri Apr 16 12:42:33 UTC 2021
nodename: goorm
machine: x86_64
clock source: unix
pcre jit disabled
detected number of CPU cores: 2
current working directory: /workspace/SugarContentCheck
writing pidfile to /workspace/SugarContentCheck/tmp/scc.pid
detected binary path: /workspace/SugarContentCheck/venv/bin/uwsgi
chdir() to /workspace/SugarContentCheck/
your memory page size is 4096 bytes
detected max file descriptor number: 1024
building mime-types dictionary from file /etc/mime.types...554 entry found
lock engine: pthread robust mutexes
thunder lock: disabled (you can enable it with --thunder-lock)
bind(): No such file or directory [core/socket.c line 230]
VACUUM: pidfile removed.
*** Starting uWSGI 2.0.19.1 (64bit) on [Sat May 15 06:07:52 2021] ***
compiled with version: 7.5.0 on 14 May 2021 13:14:02
os: Linux-4.4.0-1128-aws #142-Ubuntu SMP Fri Apr 16 12:42:33 UTC 2021
nodename: goorm
machine: x86_64
clock source: unix
pcre jit disabled
detected number of CPU cores: 2
current working directory: /workspace/SugarContentCheck
writing pidfile to /workspace/SugarContentCheck/tmp/scc.pid
detected binary path: /workspace/SugarContentCheck/venv/bin/uwsgi
chdir() to /workspace/SugarContentCheck/
your memory page size is 4096 bytes
detected max file descriptor number: 1024
building mime-types dictionary from file /etc/mime.types...554 entry found
lock engine: pthread robust mutexes
thunder lock: disabled (you can enable it with --thunder-lock)
bind(): No such file or directory [core/socket.c line 230]
VACUUM: pidfile removed.
*** Starting uWSGI 2.0.19.1 (64bit) on [Sat May 15 06:08:22 2021] ***
compiled with version: 7.5.0 on 14 May 2021 13:14:02
os: Linux-4.4.0-1128-aws #142-Ubuntu SMP Fri Apr 16 12:42:33 UTC 2021
nodename: goorm
machine: x86_64
clock source: unix
pcre jit disabled
detected number of CPU cores: 2
current working directory: /workspace/SugarContentCheck
writing pidfile to /workspace/SugarContentCheck/tmp/scc.pid
detected binary path: /workspace/SugarContentCheck/venv/bin/uwsgi
chdir() to /workspace/SugarContentCheck/
your memory page size is 4096 bytes
detected max file descriptor number: 1024
building mime-types dictionary from file /etc/mime.types...554 entry found
lock engine: pthread robust mutexes
thunder lock: disabled (you can enable it with --thunder-lock)
bind(): No such file or directory [core/socket.c line 230]
VACUUM: pidfile removed.
*** Starting uWSGI 2.0.19.1 (64bit) on [Sat May 15 06:33:43 2021] ***
compiled with version: 7.5.0 on 14 May 2021 13:14:02
os: Linux-4.4.0-1128-aws #142-Ubuntu SMP Fri Apr 16 12:42:33 UTC 2021
nodename: goorm
machine: x86_64
clock source: unix
pcre jit disabled
detected number of CPU cores: 2
current working directory: /workspace/SugarContentCheck
writing pidfile to /workspace/SugarContentCheck/tmp/scc.pid
detected binary path: /workspace/SugarContentCheck/venv/bin/uwsgi
*** WARNING: you are running uWSGI as root !!! (use the --uid flag) *** 
chdir() to /workspace/SugarContentCheck/
your memory page size is 4096 bytes
detected max file descriptor number: 1024
building mime-types dictionary from file /etc/mime.types...554 entry found
lock engine: pthread robust mutexes
thunder lock: disabled (you can enable it with --thunder-lock)
probably another instance of uWSGI is running on the same address (:80).
bind(): Address already in use [core/socket.c line 769]
VACUUM: pidfile removed.
*** Starting uWSGI 2.0.19.1 (64bit) on [Sat May 15 06:36:35 2021] ***
compiled with version: 7.5.0 on 14 May 2021 13:14:02
os: Linux-4.4.0-1128-aws #142-Ubuntu SMP Fri Apr 16 12:42:33 UTC 2021
nodename: goorm
machine: x86_64
clock source: unix
pcre jit disabled
detected number of CPU cores: 2
current working directory: /workspace/SugarContentCheck
writing pidfile to /workspace/SugarContentCheck/tmp/scc.pid
detected binary path: /workspace/SugarContentCheck/venv/bin/uwsgi
*** WARNING: you are running uWSGI as root !!! (use the --uid flag) *** 
chdir() to /workspace/SugarContentCheck/
your memory page size is 4096 bytes
detected max file descriptor number: 1024
building mime-types dictionary from file /etc/mime.types...554 entry found
lock engine: pthread robust mutexes
thunder lock: disabled (you can enable it with --thunder-lock)
probably another instance of uWSGI is running on the same address (:80).
bind(): Address already in use [core/socket.c line 769]
VACUUM: pidfile removed.
*** Starting uWSGI 2.0.19.1 (64bit) on [Sat May 15 06:43:19 2021] ***
compiled with version: 7.5.0 on 14 May 2021 13:14:02
os: Linux-4.4.0-1128-aws #142-Ubuntu SMP Fri Apr 16 12:42:33 UTC 2021
nodename: goorm
machine: x86_64
clock source: unix
pcre jit disabled
detected number of CPU cores: 2
current working directory: /workspace/SugarContentCheck
writing pidfile to /workspace/SugarContentCheck/tmp/scc.pid
detected binary path: /workspace/SugarContentCheck/venv/bin/uwsgi
*** WARNING: you are running uWSGI as root !!! (use the --uid flag) *** 
chdir() to /workspace/SugarContentCheck/
your memory page size is 4096 bytes
detected max file descriptor number: 1024
building mime-types dictionary from file /etc/mime.types...554 entry found
lock engine: pthread robust mutexes
thunder lock: disabled (you can enable it with --thunder-lock)
uWSGI http bound on :8000 fd 4
uwsgi socket 0 bound to TCP address 127.0.0.1:44064 (port auto-assigned) fd 3
*** WARNING: you are running uWSGI as root !!! (use the --uid flag) *** 
Python version: 3.7.4 (default, Nov  4 2020, 10:17:35)  [GCC 7.4.0]
PEP 405 virtualenv detected: /workspace/SugarContentCheck/venv/
Set PythonHome to /workspace/SugarContentCheck/venv/
Python main interpreter initialized at 0x55c544cdd810
*** WARNING: you are running uWSGI as root !!! (use the --uid flag) *** 
python threads support enabled
your server socket listen backlog is limited to 100 connections
your mercy for graceful operations on workers is 60 seconds
mapped 145840 bytes (142 KB) for 1 cores
*** Operational MODE: single process ***
WSGI app 0 (mountpoint='') ready in 2 seconds on interpreter 0x55c544cdd810 pid: 508 (default app)
*** WARNING: you are running uWSGI as root !!! (use the --uid flag) *** 
spawned uWSGI master process (pid: 508)
spawned uWSGI worker 1 (pid: 512, cores: 1)
spawned uWSGI http 1 (pid: 513)
subprocess 509 exited with code 0
[pid: 512|app: 0|req: 1/1] 172.17.0.1 () {48 vars in 2440 bytes} [Sat May 15 06:43:21 2021] GET / => generated 2127 bytes in 83 msecs (HTTP/1.1 200) 5 headers in 167 bytes (1 switches on core 0)
[pid: 512|app: -1|req: -1/2] 172.17.0.1 () {44 vars in 2355 bytes} [Sat May 15 06:43:22 2021] GET /static/css/reset.css => generated 990 bytes in 0 msecs via sendfile() (HTTP/1.1 200) 3 headers in 110 bytes (0 switches on core 0)
[pid: 512|app: -1|req: -1/3] 172.17.0.1 () {44 vars in 2357 bytes} [Sat May 15 06:43:22 2021] GET /static/css/style1.css => generated 2696 bytes in 0 msecs via sendfile() (HTTP/1.1 200) 3 headers in 111 bytes (0 switches on core 0)
Not Found: /favicon.ico
[pid: 512|app: 0|req: 2/4] 172.17.0.1 () {48 vars in 2411 bytes} [Sat May 15 06:43:22 2021] GET /favicon.ico => generated 2624 bytes in 98 msecs (HTTP/1.1 404) 5 headers in 159 bytes (1 switches on core 0)
[pid: 512|app: 0|req: 3/5] 172.17.0.1 () {48 vars in 2417 bytes} [Sat May 15 06:45:00 2021] GET / => generated 2127 bytes in 10 msecs (HTTP/1.1 200) 5 headers in 167 bytes (1 switches on core 0)
SIGINT/SIGQUIT received...killing workers...
gateway "uWSGI http 1" has been buried (pid: 513)
worker 1 buried after 1 seconds
goodbye to uWSGI.
VACUUM: pidfile removed.
*** Starting uWSGI 2.0.19.1 (64bit) on [Sat May 15 06:47:28 2021] ***
compiled with version: 7.5.0 on 14 May 2021 13:14:02
os: Linux-4.4.0-1128-aws #142-Ubuntu SMP Fri Apr 16 12:42:33 UTC 2021
nodename: goorm
machine: x86_64
clock source: unix
pcre jit disabled
detected number of CPU cores: 2
current working directory: /workspace/SugarContentCheck
writing pidfile to /workspace/SugarContentCheck/tmp/scc.pid
detected binary path: /workspace/SugarContentCheck/venv/bin/uwsgi
*** WARNING: you are running uWSGI as root !!! (use the --uid flag) *** 
chdir() to /workspace/SugarContentCheck/
your memory page size is 4096 bytes
detected max file descriptor number: 1024
building mime-types dictionary from file /etc/mime.types...554 entry found
lock engine: pthread robust mutexes
thunder lock: disabled (you can enable it with --thunder-lock)
uWSGI http bound on :8000 fd 4
uwsgi socket 0 bound to TCP address 127.0.0.1:33236 (port auto-assigned) fd 3
*** WARNING: you are running uWSGI as root !!! (use the --uid flag) *** 
Python version: 3.7.4 (default, Nov  4 2020, 10:17:35)  [GCC 7.4.0]
PEP 405 virtualenv detected: /workspace/SugarContentCheck/venv/
Set PythonHome to /workspace/SugarContentCheck/venv/
Python main interpreter initialized at 0x5565069eb6a0
*** WARNING: you are running uWSGI as root !!! (use the --uid flag) *** 
python threads support enabled
your server socket listen backlog is limited to 100 connections
your mercy for graceful operations on workers is 60 seconds
mapped 145840 bytes (142 KB) for 1 cores
*** Operational MODE: single process ***
WSGI app 0 (mountpoint='') ready in 1 seconds on interpreter 0x5565069eb6a0 pid: 764 (default app)
*** WARNING: you are running uWSGI as root !!! (use the --uid flag) *** 
spawned uWSGI master process (pid: 764)
spawned uWSGI worker 1 (pid: 767, cores: 1)
spawned uWSGI http 1 (pid: 768)
subprocess 765 exited with code 0
[pid: 767|app: 0|req: 1/1] 172.17.0.1 () {48 vars in 2417 bytes} [Sat May 15 06:47:32 2021] GET / => generated 2127 bytes in 37 msecs (HTTP/1.1 200) 5 headers in 167 bytes (1 switches on core 0)
SIGINT/SIGQUIT received...killing workers...
gateway "uWSGI http 1" has been buried (pid: 768)
worker 1 buried after 1 seconds
goodbye to uWSGI.
VACUUM: pidfile removed.
*** Starting uWSGI 2.0.19.1 (64bit) on [Sat May 15 07:15:22 2021] ***
compiled with version: 7.5.0 on 14 May 2021 13:14:02
os: Linux-4.4.0-1128-aws #142-Ubuntu SMP Fri Apr 16 12:42:33 UTC 2021
nodename: goorm
machine: x86_64
clock source: unix
pcre jit disabled
detected number of CPU cores: 2
current working directory: /workspace/SugarContentCheck
writing pidfile to /workspace/SugarContentCheck/tmp/scc.pid
detected binary path: /workspace/SugarContentCheck/venv/bin/uwsgi
*** WARNING: you are running uWSGI as root !!! (use the --uid flag) *** 
chdir() to /workspace/SugarContentCheck/
your memory page size is 4096 bytes
detected max file descriptor number: 1024
building mime-types dictionary from file /etc/mime.types...554 entry found
lock engine: pthread robust mutexes
thunder lock: disabled (you can enable it with --thunder-lock)
uWSGI http bound on :8000 fd 4
uwsgi socket 0 bound to TCP address 127.0.0.1:33701 (port auto-assigned) fd 3
*** WARNING: you are running uWSGI as root !!! (use the --uid flag) *** 
Python version: 3.7.4 (default, Nov  4 2020, 10:17:35)  [GCC 7.4.0]
PEP 405 virtualenv detected: /workspace/SugarContentCheck/venv/
Set PythonHome to /workspace/SugarContentCheck/venv/
Python main interpreter initialized at 0x556a2691e6a0
*** WARNING: you are running uWSGI as root !!! (use the --uid flag) *** 
python threads support enabled
your server socket listen backlog is limited to 100 connections
your mercy for graceful operations on workers is 60 seconds
mapped 145840 bytes (142 KB) for 1 cores
*** Operational MODE: single process ***
WSGI app 0 (mountpoint='') ready in 1 seconds on interpreter 0x556a2691e6a0 pid: 1601 (default app)
*** WARNING: you are running uWSGI as root !!! (use the --uid flag) *** 
spawned uWSGI master process (pid: 1601)
spawned uWSGI worker 1 (pid: 1604, cores: 1)
spawned uWSGI http 1 (pid: 1605)
subprocess 1602 exited with code 0
[pid: 1604|app: 0|req: 1/1] 172.17.0.1 () {48 vars in 2442 bytes} [Sat May 15 07:15:24 2021] GET / => generated 2127 bytes in 65 msecs (HTTP/1.1 200) 5 headers in 167 bytes (1 switches on core 0)
[pid: 1604|app: 0|req: 2/2] 172.17.0.1 () {48 vars in 2489 bytes} [Sat May 15 07:15:27 2021] GET /form/ => generated 8114 bytes in 38 msecs (HTTP/1.1 200) 7 headers in 349 bytes (1 switches on core 0)
[pid: 1604|app: -1|req: -1/3] 172.17.0.1 () {44 vars in 2439 bytes} [Sat May 15 07:15:28 2021] GET /static/css/form3.css => generated 1654 bytes in 8 msecs via sendfile() (HTTP/1.1 200) 3 headers in 111 bytes (0 switches on core 0)
[pid: 1604|app: -1|req: -1/4] 172.17.0.1 () {44 vars in 2420 bytes} [Sat May 15 07:15:28 2021] GET /static/js/form2.js => generated 1512 bytes in 0 msecs via sendfile() (HTTP/1.1 200) 3 headers in 125 bytes (0 switches on core 0)
[pid: 1604|app: 0|req: 3/5] 172.17.0.1 () {46 vars in 2540 bytes} [Sat May 15 07:15:31 2021] GET /form/ => generated 8114 bytes in 12 msecs (HTTP/1.1 200) 7 headers in 349 bytes (1 switches on core 0)
[pid: 1604|app: 0|req: 4/6] 172.17.0.1 () {56 vars in 2735 bytes} [Sat May 15 07:15:40 2021] POST /submit/ => generated 0 bytes in 61 msecs (HTTP/1.1 302) 6 headers in 189 bytes (1 switches on core 0)
[pid: 1604|app: 0|req: 5/7] 172.17.0.1 () {50 vars in 2609 bytes} [Sat May 15 07:15:40 2021] GET /result/83 => generated 2120 bytes in 70 msecs (HTTP/1.1 200) 5 headers in 167 bytes (1 switches on core 0)
[pid: 1604|app: 0|req: 6/8] 172.17.0.1 () {50 vars in 2563 bytes} [Sat May 15 07:17:14 2021] GET /result/83 => generated 2120 bytes in 14 msecs (HTTP/1.1 200) 5 headers in 167 bytes (1 switches on core 0)
[pid: 1604|app: 0|req: 7/9] 172.17.0.1 () {50 vars in 2563 bytes} [Sat May 15 07:17:15 2021] GET /result/83 => generated 2120 bytes in 102 msecs (HTTP/1.1 200) 5 headers in 167 bytes (1 switches on core 0)
[pid: 1604|app: 0|req: 8/10] 172.17.0.1 () {50 vars in 2563 bytes} [Sat May 15 07:17:19 2021] GET /result/83 => generated 2120 bytes in 16 msecs (HTTP/1.1 200) 5 headers in 167 bytes (1 switches on core 0)
[pid: 1604|app: 0|req: 9/11] 172.17.0.1 () {52 vars in 2585 bytes} [Sat May 15 07:17:23 2021] GET /result/83 => generated 2120 bytes in 45 msecs (HTTP/1.1 200) 5 headers in 167 bytes (1 switches on core 0)
[pid: 1604|app: -1|req: -1/12] 172.17.0.1 () {48 vars in 2452 bytes} [Sat May 15 07:17:23 2021] GET /static/css/style1.css => generated 2696 bytes in 0 msecs via sendfile() (HTTP/1.1 200) 3 headers in 111 bytes (0 switches on core 0)
[pid: 1604|app: -1|req: -1/13] 172.17.0.1 () {48 vars in 2450 bytes} [Sat May 15 07:17:23 2021] GET /static/css/reset.css => generated 990 bytes in 1 msecs via sendfile() (HTTP/1.1 200) 3 headers in 110 bytes (0 switches on core 0)
Not Found: /favicon.ico
[pid: 1604|app: 0|req: 10/14] 172.17.0.1 () {48 vars in 2453 bytes} [Sat May 15 07:17:23 2021] GET /favicon.ico => generated 2814 bytes in 24 msecs (HTTP/1.1 404) 5 headers in 159 bytes (1 switches on core 0)
SIGINT/SIGQUIT received...killing workers...
gateway "uWSGI http 1" has been buried (pid: 1605)
worker 1 buried after 1 seconds
goodbye to uWSGI.
VACUUM: pidfile removed.
*** Starting uWSGI 2.0.19.1 (64bit) on [Sat May 15 07:17:38 2021] ***
compiled with version: 7.5.0 on 14 May 2021 13:14:02
os: Linux-4.4.0-1128-aws #142-Ubuntu SMP Fri Apr 16 12:42:33 UTC 2021
nodename: goorm
machine: x86_64
clock source: unix
pcre jit disabled
detected number of CPU cores: 2
current working directory: /workspace/SugarContentCheck
writing pidfile to /workspace/SugarContentCheck/tmp/scc.pid
detected binary path: /workspace/SugarContentCheck/venv/bin/uwsgi
*** WARNING: you are running uWSGI as root !!! (use the --uid flag) *** 
chdir() to /workspace/SugarContentCheck/
your memory page size is 4096 bytes
detected max file descriptor number: 1024
building mime-types dictionary from file /etc/mime.types...554 entry found
lock engine: pthread robust mutexes
thunder lock: disabled (you can enable it with --thunder-lock)
uWSGI http bound on :8000 fd 4
uwsgi socket 0 bound to TCP address 127.0.0.1:33441 (port auto-assigned) fd 3
*** WARNING: you are running uWSGI as root !!! (use the --uid flag) *** 
Python version: 3.7.4 (default, Nov  4 2020, 10:17:35)  [GCC 7.4.0]
PEP 405 virtualenv detected: /workspace/SugarContentCheck/venv/
Set PythonHome to /workspace/SugarContentCheck/venv/
Python main interpreter initialized at 0x55b20b33e6a0
*** WARNING: you are running uWSGI as root !!! (use the --uid flag) *** 
python threads support enabled
your server socket listen backlog is limited to 100 connections
your mercy for graceful operations on workers is 60 seconds
mapped 145840 bytes (142 KB) for 1 cores
*** Operational MODE: single process ***
WSGI app 0 (mountpoint='') ready in 0 seconds on interpreter 0x55b20b33e6a0 pid: 1632 (default app)
*** WARNING: you are running uWSGI as root !!! (use the --uid flag) *** 
spawned uWSGI master process (pid: 1632)
spawned uWSGI worker 1 (pid: 1635, cores: 1)
spawned uWSGI http 1 (pid: 1636)
subprocess 1633 exited with code 0
[pid: 1635|app: 0|req: 1/1] 172.17.0.1 () {50 vars in 2586 bytes} [Sat May 15 07:17:46 2021] GET /result/83 => generated 3350 bytes in 57 msecs (HTTP/1.1 200) 5 headers in 167 bytes (1 switches on core 0)
[pid: 1635|app: -1|req: -1/2] 172.17.0.1 () {44 vars in 2422 bytes} [Sat May 15 07:17:46 2021] GET /static/css/result.css => generated 4317 bytes in 0 msecs via sendfile() (HTTP/1.1 200) 3 headers in 111 bytes (0 switches on core 0)
[pid: 1635|app: -1|req: -1/3] 172.17.0.1 () {44 vars in 2441 bytes} [Sat May 15 07:17:46 2021] GET /static/img/front.png => generated 93698 bytes in 1 msecs via sendfile() (HTTP/1.1 200) 3 headers in 113 bytes (0 switches on core 0)
[pid: 1635|app: -1|req: -1/4] 172.17.0.1 () {44 vars in 2403 bytes} [Sat May 15 07:17:46 2021] GET /static/js/result.js => generated 2177 bytes in 0 msecs via sendfile() (HTTP/1.1 200) 3 headers in 125 bytes (0 switches on core 0)
[pid: 1635|app: 0|req: 2/5] 172.17.0.1 () {48 vars in 2548 bytes} [Sat May 15 07:18:02 2021] GET /form => generated 0 bytes in 1 msecs (HTTP/1.1 301) 5 headers in 174 bytes (1 switches on core 0)
[pid: 1635|app: 0|req: 3/6] 172.17.0.1 () {48 vars in 2550 bytes} [Sat May 15 07:18:02 2021] GET /form/ => generated 8114 bytes in 26 msecs (HTTP/1.1 200) 7 headers in 349 bytes (1 switches on core 0)
[pid: 1635|app: 0|req: 4/7] 172.17.0.1 () {56 vars in 2712 bytes} [Sat May 15 07:18:17 2021] POST /submit/ => generated 0 bytes in 37 msecs (HTTP/1.1 302) 6 headers in 189 bytes (1 switches on core 0)
[pid: 1635|app: 0|req: 5/8] 172.17.0.1 () {50 vars in 2586 bytes} [Sat May 15 07:18:17 2021] GET /result/84 => generated 3364 bytes in 55 msecs (HTTP/1.1 200) 5 headers in 167 bytes (1 switches on core 0)
[pid: 1635|app: 0|req: 6/9] 172.17.0.1 () {48 vars in 2527 bytes} [Sat May 15 07:18:45 2021] GET /form/ => generated 8114 bytes in 26 msecs (HTTP/1.1 200) 7 headers in 349 bytes (1 switches on core 0)
[pid: 1635|app: 0|req: 7/10] 172.17.0.1 () {56 vars in 2689 bytes} [Sat May 15 07:18:56 2021] POST /submit/ => generated 0 bytes in 22 msecs (HTTP/1.1 302) 6 headers in 189 bytes (1 switches on core 0)
[pid: 1635|app: 0|req: 8/11] 172.17.0.1 () {50 vars in 2563 bytes} [Sat May 15 07:18:56 2021] GET /result/85 => generated 3360 bytes in 13 msecs (HTTP/1.1 200) 5 headers in 167 bytes (1 switches on core 0)
[pid: 1635|app: 0|req: 9/12] 172.17.0.1 () {46 vars in 2459 bytes} [Sat May 15 07:19:18 2021] GET /result/69 => generated 3351 bytes in 18 msecs (HTTP/1.1 200) 5 headers in 167 bytes (1 switches on core 0)
[pid: 1635|app: 0|req: 10/13] 172.17.0.1 () {46 vars in 2459 bytes} [Sat May 15 07:19:26 2021] GET /result/40 => generated 3351 bytes in 36 msecs (HTTP/1.1 200) 5 headers in 167 bytes (1 switches on core 0)
[pid: 1635|app: 0|req: 11/14] 172.17.0.1 () {48 vars in 2489 bytes} [Sat May 15 07:27:52 2021] GET /result/40 => generated 3347 bytes in 17 msecs (HTTP/1.1 200) 5 headers in 167 bytes (1 switches on core 0)
[pid: 1635|app: 0|req: 12/15] 172.17.0.1 () {48 vars in 2489 bytes} [Sat May 15 07:27:54 2021] GET /result/40 => generated 3347 bytes in 19 msecs (HTTP/1.1 200) 5 headers in 167 bytes (1 switches on core 0)
[pid: 1635|app: 0|req: 13/16] 172.17.0.1 () {48 vars in 2517 bytes} [Sat May 15 07:27:55 2021] GET / => generated 2127 bytes in 7 msecs (HTTP/1.1 200) 5 headers in 167 bytes (1 switches on core 0)
SIGINT/SIGQUIT received...killing workers...
gateway "uWSGI http 1" has been buried (pid: 1636)
worker 1 buried after 1 seconds
goodbye to uWSGI.
VACUUM: pidfile removed.
*** Starting uWSGI 2.0.19.1 (64bit) on [Sat May 15 07:28:07 2021] ***
compiled with version: 7.5.0 on 14 May 2021 13:14:02
os: Linux-4.4.0-1128-aws #142-Ubuntu SMP Fri Apr 16 12:42:33 UTC 2021
nodename: goorm
machine: x86_64
clock source: unix
pcre jit disabled
detected number of CPU cores: 2
current working directory: /workspace/SugarContentCheck
writing pidfile to /workspace/SugarContentCheck/tmp/scc.pid
detected binary path: /workspace/SugarContentCheck/venv/bin/uwsgi
*** WARNING: you are running uWSGI as root !!! (use the --uid flag) *** 
chdir() to /workspace/SugarContentCheck/
your memory page size is 4096 bytes
detected max file descriptor number: 1024
building mime-types dictionary from file /etc/mime.types...554 entry found
lock engine: pthread robust mutexes
thunder lock: disabled (you can enable it with --thunder-lock)
uWSGI http bound on :8000 fd 4
uwsgi socket 0 bound to TCP address 127.0.0.1:45745 (port auto-assigned) fd 3
*** WARNING: you are running uWSGI as root !!! (use the --uid flag) *** 
Python version: 3.7.4 (default, Nov  4 2020, 10:17:35)  [GCC 7.4.0]
PEP 405 virtualenv detected: /workspace/SugarContentCheck/venv/
Set PythonHome to /workspace/SugarContentCheck/venv/
Python main interpreter initialized at 0x560da53da6a0
*** WARNING: you are running uWSGI as root !!! (use the --uid flag) *** 
python threads support enabled
your server socket listen backlog is limited to 100 connections
your mercy for graceful operations on workers is 60 seconds
mapped 145840 bytes (142 KB) for 1 cores
*** Operational MODE: single process ***
WSGI app 0 (mountpoint='') ready in 2 seconds on interpreter 0x560da53da6a0 pid: 1688 (default app)
*** WARNING: you are running uWSGI as root !!! (use the --uid flag) *** 
spawned uWSGI master process (pid: 1688)
spawned uWSGI worker 1 (pid: 1691, cores: 1)
spawned uWSGI http 1 (pid: 1692)
subprocess 1689 exited with code 0
[pid: 1691|app: 0|req: 1/1] 172.17.0.1 () {50 vars in 2570 bytes} [Sat May 15 07:28:09 2021] GET / => generated 2127 bytes in 241 msecs (HTTP/1.1 200) 5 headers in 167 bytes (1 switches on core 0)
[pid: 1691|app: 0|req: 2/2] 172.17.0.1 () {48 vars in 2540 bytes} [Sat May 15 07:28:10 2021] GET /form/ => generated 8114 bytes in 95 msecs (HTTP/1.1 200) 7 headers in 349 bytes (1 switches on core 0)
[pid: 1691|app: 0|req: 3/3] 172.17.0.1 () {56 vars in 2711 bytes} [Sat May 15 07:28:28 2021] POST /submit/ => generated 0 bytes in 40 msecs (HTTP/1.1 302) 6 headers in 189 bytes (1 switches on core 0)
[pid: 1691|app: 0|req: 4/4] 172.17.0.1 () {50 vars in 2585 bytes} [Sat May 15 07:28:28 2021] GET /result/86 => generated 3361 bytes in 68 msecs (HTTP/1.1 200) 5 headers in 167 bytes (1 switches on core 0)
[pid: 1691|app: 0|req: 5/5] 172.17.0.1 () {50 vars in 2561 bytes} [Sat May 15 07:29:10 2021] GET /result/86 => generated 3361 bytes in 16 msecs (HTTP/1.1 200) 5 headers in 167 bytes (1 switches on core 0)
[pid: 1691|app: 0|req: 6/6] 172.17.0.1 () {50 vars in 2562 bytes} [Sat May 15 07:29:12 2021] GET /result/86 => generated 3361 bytes in 15 msecs (HTTP/1.1 200) 5 headers in 167 bytes (1 switches on core 0)
[pid: 1691|app: 0|req: 7/7] 172.17.0.1 () {50 vars in 2562 bytes} [Sat May 15 07:29:12 2021] GET /result/86 => generated 3361 bytes in 16 msecs (HTTP/1.1 200) 5 headers in 167 bytes (1 switches on core 0)
[pid: 1691|app: 0|req: 8/8] 172.17.0.1 () {50 vars in 2562 bytes} [Sat May 15 07:29:12 2021] GET /result/86 => generated 3361 bytes in 23 msecs (HTTP/1.1 200) 5 headers in 167 bytes (1 switches on core 0)
[pid: 1691|app: 0|req: 9/9] 172.17.0.1 () {50 vars in 2562 bytes} [Sat May 15 07:33:00 2021] GET /result/86 => generated 3361 bytes in 16 msecs (HTTP/1.1 200) 5 headers in 167 bytes (1 switches on core 0)
[pid: 1691|app: 0|req: 10/10] 172.17.0.1 () {50 vars in 2562 bytes} [Sat May 15 07:33:01 2021] GET /result/86 => generated 3361 bytes in 48 msecs (HTTP/1.1 200) 5 headers in 167 bytes (1 switches on core 0)
[pid: 1691|app: 0|req: 11/11] 172.17.0.1 () {50 vars in 2561 bytes} [Sat May 15 07:33:26 2021] GET /result/86 => generated 3361 bytes in 52 msecs (HTTP/1.1 200) 5 headers in 167 bytes (1 switches on core 0)
[pid: 1691|app: 0|req: 12/12] 172.17.0.1 () {50 vars in 2561 bytes} [Sat May 15 07:33:29 2021] GET /result/86 => generated 3361 bytes in 25 msecs (HTTP/1.1 200) 5 headers in 167 bytes (1 switches on core 0)
[pid: 1691|app: 0|req: 13/13] 172.17.0.1 () {52 vars in 2584 bytes} [Sat May 15 07:33:34 2021] GET /result/86 => generated 3361 bytes in 56 msecs (HTTP/1.1 200) 5 headers in 167 bytes (1 switches on core 0)
[pid: 1691|app: -1|req: -1/14] 172.17.0.1 () {48 vars in 2449 bytes} [Sat May 15 07:33:34 2021] GET /static/css/reset.css => generated 990 bytes in 1 msecs via sendfile() (HTTP/1.1 200) 3 headers in 110 bytes (0 switches on core 0)
[pid: 1691|app: -1|req: -1/15] 172.17.0.1 () {48 vars in 2451 bytes} [Sat May 15 07:33:34 2021] GET /static/css/result.css => generated 4317 bytes in 0 msecs via sendfile() (HTTP/1.1 200) 3 headers in 111 bytes (0 switches on core 0)
[pid: 1691|app: -1|req: -1/16] 172.17.0.1 () {48 vars in 2432 bytes} [Sat May 15 07:33:34 2021] GET /static/js/result.js => generated 2177 bytes in 0 msecs via sendfile() (HTTP/1.1 200) 3 headers in 125 bytes (0 switches on core 0)
[pid: 1691|app: -1|req: -1/17] 172.17.0.1 () {48 vars in 2470 bytes} [Sat May 15 07:33:34 2021] GET /static/img/front.png => generated 93698 bytes in 0 msecs via sendfile() (HTTP/1.1 200) 3 headers in 113 bytes (0 switches on core 0)
Not Found: /favicon.ico
[pid: 1691|app: 0|req: 14/18] 172.17.0.1 () {48 vars in 2452 bytes} [Sat May 15 07:33:35 2021] GET /favicon.ico => generated 2814 bytes in 20 msecs (HTTP/1.1 404) 5 headers in 159 bytes (1 switches on core 0)
[pid: 1691|app: 0|req: 15/19] 172.17.0.1 () {52 vars in 2584 bytes} [Sat May 15 07:33:38 2021] GET /result/86 => generated 3361 bytes in 15 msecs (HTTP/1.1 200) 5 headers in 167 bytes (1 switches on core 0)
[pid: 1691|app: -1|req: -1/20] 172.17.0.1 () {48 vars in 2432 bytes} [Sat May 15 07:33:38 2021] GET /static/js/result.js => generated 2177 bytes in 0 msecs via sendfile() (HTTP/1.1 200) 3 headers in 125 bytes (0 switches on core 0)
[pid: 1691|app: -1|req: -1/21] 172.17.0.1 () {48 vars in 2470 bytes} [Sat May 15 07:33:38 2021] GET /static/img/front.png => generated 93698 bytes in 0 msecs via sendfile() (HTTP/1.1 200) 3 headers in 113 bytes (0 switches on core 0)
[pid: 1691|app: -1|req: -1/22] 172.17.0.1 () {48 vars in 2451 bytes} [Sat May 15 07:33:38 2021] GET /static/css/result.css => generated 4317 bytes in 0 msecs via sendfile() (HTTP/1.1 200) 3 headers in 111 bytes (0 switches on core 0)
[pid: 1691|app: -1|req: -1/23] 172.17.0.1 () {48 vars in 2449 bytes} [Sat May 15 07:33:38 2021] GET /static/css/reset.css => generated 990 bytes in 0 msecs via sendfile() (HTTP/1.1 200) 3 headers in 110 bytes (0 switches on core 0)
Not Found: /favicon.ico
[pid: 1691|app: 0|req: 16/24] 172.17.0.1 () {48 vars in 2452 bytes} [Sat May 15 07:33:38 2021] GET /favicon.ico => generated 2814 bytes in 12 msecs (HTTP/1.1 404) 5 headers in 159 bytes (1 switches on core 0)
SIGINT/SIGQUIT received...killing workers...
gateway "uWSGI http 1" has been buried (pid: 1692)
worker 1 buried after 1 seconds
goodbye to uWSGI.
VACUUM: pidfile removed.
*** Starting uWSGI 2.0.19.1 (64bit) on [Sat May 15 07:33:54 2021] ***
compiled with version: 7.5.0 on 14 May 2021 13:14:02
os: Linux-4.4.0-1128-aws #142-Ubuntu SMP Fri Apr 16 12:42:33 UTC 2021
nodename: goorm
machine: x86_64
clock source: unix
pcre jit disabled
detected number of CPU cores: 2
current working directory: /workspace/SugarContentCheck
writing pidfile to /workspace/SugarContentCheck/tmp/scc.pid
detected binary path: /workspace/SugarContentCheck/venv/bin/uwsgi
*** WARNING: you are running uWSGI as root !!! (use the --uid flag) *** 
chdir() to /workspace/SugarContentCheck/
your memory page size is 4096 bytes
detected max file descriptor number: 1024
building mime-types dictionary from file /etc/mime.types...554 entry found
lock engine: pthread robust mutexes
thunder lock: disabled (you can enable it with --thunder-lock)
uWSGI http bound on :8000 fd 4
uwsgi socket 0 bound to TCP address 127.0.0.1:45191 (port auto-assigned) fd 3
*** WARNING: you are running uWSGI as root !!! (use the --uid flag) *** 
Python version: 3.7.4 (default, Nov  4 2020, 10:17:35)  [GCC 7.4.0]
PEP 405 virtualenv detected: /workspace/SugarContentCheck/venv/
Set PythonHome to /workspace/SugarContentCheck/venv/
Python main interpreter initialized at 0x5583c55da6a0
*** WARNING: you are running uWSGI as root !!! (use the --uid flag) *** 
python threads support enabled
your server socket listen backlog is limited to 100 connections
your mercy for graceful operations on workers is 60 seconds
mapped 145840 bytes (142 KB) for 1 cores
*** Operational MODE: single process ***
WSGI app 0 (mountpoint='') ready in 1 seconds on interpreter 0x5583c55da6a0 pid: 1749 (default app)
*** WARNING: you are running uWSGI as root !!! (use the --uid flag) *** 
spawned uWSGI master process (pid: 1749)
spawned uWSGI worker 1 (pid: 1752, cores: 1)
spawned uWSGI http 1 (pid: 1753)
subprocess 1750 exited with code 0
[pid: 1752|app: 0|req: 1/1] 172.17.0.1 () {50 vars in 2585 bytes} [Sat May 15 07:33:55 2021] GET /result/86 => generated 3349 bytes in 254 msecs (HTTP/1.1 200) 5 headers in 167 bytes (1 switches on core 0)
[pid: 1752|app: 0|req: 2/2] 172.17.0.1 () {50 vars in 2585 bytes} [Sat May 15 07:33:59 2021] GET /result/86 => generated 3349 bytes in 25 msecs (HTTP/1.1 200) 5 headers in 167 bytes (1 switches on core 0)
[pid: 1752|app: 0|req: 3/3] 172.17.0.1 () {48 vars in 2540 bytes} [Sat May 15 07:34:12 2021] GET / => generated 2127 bytes in 21 msecs (HTTP/1.1 200) 5 headers in 167 bytes (1 switches on core 0)
[pid: 1752|app: -1|req: -1/4] 172.17.0.1 () {44 vars in 2412 bytes} [Sat May 15 07:34:12 2021] GET /static/css/style1.css => generated 2696 bytes in 0 msecs via sendfile() (HTTP/1.1 200) 3 headers in 111 bytes (0 switches on core 0)
